OpenROAD 0264023b6c2a8ae803b8d440478d657387277d93 
This program is licensed under the BSD-3 license. See the LICENSE file for details.
Components of this program may be licensed under more restrictive licenses which must be honored.
Placement Analysis
---------------------------------
total displacement          0.0 u
average displacement        0.0 u
max displacement            0.0 u
original HPWL             944.8 u
legalized HPWL            944.8 u
delta HPWL                    0 %

[INFO FLW-0012] Placement violations .

==========================================================================
detailed place check_setup
--------------------------------------------------------------------------
Warning: There are 2 input ports missing set_input_delay.
Warning: There is 1 output port missing set_output_delay.
Warning: There is 1 unconstrained endpoint.

==========================================================================
detailed place report_tns
--------------------------------------------------------------------------
tns 0.00

==========================================================================
detailed place report_wns
--------------------------------------------------------------------------
wns 0.00

==========================================================================
detailed place report_worst_slack
--------------------------------------------------------------------------
worst slack INF

==========================================================================
detailed place report_checks -path_delay min
--------------------------------------------------------------------------
No paths found.

==========================================================================
detailed place report_checks -path_delay max
--------------------------------------------------------------------------
No paths found.

==========================================================================
detailed place report_checks -unconstrained
--------------------------------------------------------------------------
Startpoint: in_bias (input port)
Endpoint: one_bit_adc/BIAS (internal pin)
Path Group: (none)
Path Type: max

Fanout     Cap    Slew   Delay    Time   Description
-----------------------------------------------------------------------------
                          0.00    0.00 ^ input external delay
                  0.00    0.00    0.00 ^ in_bias (in)
     1    0.06                           in_bias (net)
                  0.02    0.01    0.01 ^ one_bit_adc/BIAS (COMPARATOR)
                                  0.01   data arrival time
-----------------------------------------------------------------------------
(Path is unconstrained)



==========================================================================
detailed place report_check_types -max_slew -max_cap -max_fanout -violators
--------------------------------------------------------------------------

==========================================================================
detailed place max_slew_check_slack
--------------------------------------------------------------------------
Inf

==========================================================================
detailed place max_slew_check_limit
--------------------------------------------------------------------------
Inf

==========================================================================
detailed place max_fanout_check_slack
--------------------------------------------------------------------------
1.0000000150474662e+30

==========================================================================
detailed place max_fanout_check_limit
--------------------------------------------------------------------------
1.0000000150474662e+30

==========================================================================
detailed place max_capacitance_check_slack
--------------------------------------------------------------------------
Inf

==========================================================================
detailed place max_capacitance_check_limit
--------------------------------------------------------------------------
Inf

==========================================================================
detailed place max_slew_violation_count
--------------------------------------------------------------------------
max slew violation count 0

==========================================================================
detailed place max_fanout_violation_count
--------------------------------------------------------------------------
max fanout violation count 0

==========================================================================
detailed place max_cap_violation_count
--------------------------------------------------------------------------
max cap violation count 0

==========================================================================
detailed place setup_violation_count
--------------------------------------------------------------------------
setup violation count 0

==========================================================================
detailed place hold_violation_count
--------------------------------------------------------------------------
hold violation count 0

==========================================================================
detailed place critical path delay
--------------------------------------------------------------------------
-1

==========================================================================
detailed place critical path slack
--------------------------------------------------------------------------
0

==========================================================================
detailed place slack div critical path delay
--------------------------------------------------------------------------
0.000000

==========================================================================
detailed place report_power
--------------------------------------------------------------------------
Group                  Internal  Switching    Leakage      Total
                          Power      Power      Power      Power (Watts)
----------------------------------------------------------------
Sequential             0.00e+00   0.00e+00   0.00e+00   0.00e+00   0.0%
Combinational          0.00e+00   0.00e+00   7.32e-10   7.32e-10 100.0%
Macro                  0.00e+00   0.00e+00   0.00e+00   0.00e+00   0.0%
Pad                    0.00e+00   0.00e+00   0.00e+00   0.00e+00   0.0%
----------------------------------------------------------------
Total                  0.00e+00   0.00e+00   7.32e-10   7.32e-10 100.0%
                           0.0%       0.0%     100.0%

==========================================================================
detailed place report_design_area
--------------------------------------------------------------------------
Design area 2823 u^2 4% utilization.

Elapsed time: 0:00.79[h:]min:sec. CPU time: user 0.33 sys 0.15 (61%). Peak memory: 93604KB.
