OpenROAD 0264023b6c2a8ae803b8d440478d657387277d93 
This program is licensed under the BSD-3 license. See the LICENSE file for details.
Components of this program may be licensed under more restrictive licenses which must be honored.
[INFO ORD-0030] Using 2 thread(s).
detailed_route arguments:  -bottom_routing_layer met1 -top_routing_layer met5 -save_guide_updates -verbose 1
[INFO DRT-0149] Reading tech and libs.

Units:                1000
Number of layers:     13
Number of macros:     443
Number of vias:       25
Number of viarulegen: 25

[INFO DRT-0150] Reading design.

Design:                   async_up_down
Die area:                 ( 0 0 ) ( 300000 300000 )
Number of track patterns: 12
Number of DEF vias:       4
Number of components:     9194
Number of terminals:      3
Number of snets:          2
Number of nets:           4

[INFO DRT-0167] List of default vias:
  Layer mcon
    default via: L1M1_PR
  Layer via
    default via: M1M2_PR
  Layer via2
    default via: M2M3_PR
  Layer via3
    default via: M3M4_PR
  Layer via4
    default via: M4M5_PR
[INFO DRT-0162] Library cell analysis.
[INFO DRT-0163] Instance analysis.
[INFO DRT-0164] Number of unique instances = 16.
[INFO DRT-0168] Init region query.
[INFO DRT-0024]   Complete FR_MASTERSLICE.
[INFO DRT-0024]   Complete Fr_VIA.
[INFO DRT-0024]   Complete li1.
[INFO DRT-0024]   Complete mcon.
[INFO DRT-0024]   Complete met1.
[INFO DRT-0024]   Complete via.
[INFO DRT-0024]   Complete met2.
[INFO DRT-0024]   Complete via2.
[INFO DRT-0024]   Complete met3.
[INFO DRT-0024]   Complete via3.
[INFO DRT-0024]   Complete met4.
[INFO DRT-0024]   Complete via4.
[INFO DRT-0024]   Complete met5.
[INFO DRT-0033] FR_MASTERSLICE shape region query size = 0.
[INFO DRT-0033] FR_VIA shape region query size = 0.
[INFO DRT-0033] li1 shape region query size = 21312.
[INFO DRT-0033] mcon shape region query size = 109005.
[INFO DRT-0033] met1 shape region query size = 19495.
[INFO DRT-0033] via shape region query size = 4653.
[INFO DRT-0033] met2 shape region query size = 2785.
[INFO DRT-0033] via2 shape region query size = 3676.
[INFO DRT-0033] met3 shape region query size = 2750.
[INFO DRT-0033] via3 shape region query size = 3662.
[INFO DRT-0033] met4 shape region query size = 1121.
[INFO DRT-0033] via4 shape region query size = 183.
[INFO DRT-0033] met5 shape region query size = 202.
[INFO DRT-0165] Start pin access.
[WARNING DRT-6000] Macro pin has more than 1 polygon
[WARNING DRT-6000] Macro pin has more than 1 polygon
[WARNING DRT-6000] Macro pin has more than 1 polygon
[WARNING DRT-6000] Macro pin has more than 1 polygon
[WARNING DRT-6000] Macro pin has more than 1 polygon
[WARNING DRT-6000] Macro pin has more than 1 polygon
[WARNING DRT-6000] Macro pin has more than 1 polygon
[WARNING DRT-6000] Macro pin has more than 1 polygon
[WARNING DRT-6000] Macro pin has more than 1 polygon
[WARNING DRT-6000] Macro pin has more than 1 polygon
[WARNING DRT-6000] Macro pin has more than 1 polygon
[WARNING DRT-6000] Macro pin has more than 1 polygon
[WARNING DRT-6000] Macro pin has more than 1 polygon
[WARNING DRT-6000] Macro pin has more than 1 polygon
[WARNING DRT-6000] Macro pin has more than 1 polygon
[WARNING DRT-6000] Macro pin has more than 1 polygon
[WARNING DRT-6000] Macro pin has more than 1 polygon
[WARNING DRT-6000] Macro pin has more than 1 polygon
[WARNING DRT-6000] Macro pin has more than 1 polygon
[WARNING DRT-6000] Macro pin has more than 1 polygon
[WARNING DRT-6000] Macro pin has more than 1 polygon
[WARNING DRT-6000] Macro pin has more than 1 polygon
[WARNING DRT-6000] Macro pin has more than 1 polygon
[WARNING DRT-6000] Macro pin has more than 1 polygon
[WARNING DRT-6000] Macro pin has more than 1 polygon
[WARNING DRT-6000] Macro pin has more than 1 polygon
[WARNING DRT-6000] Macro pin has more than 1 polygon
[WARNING DRT-6000] Macro pin has more than 1 polygon
[WARNING DRT-6000] Macro pin has more than 1 polygon
[WARNING DRT-6000] Macro pin has more than 1 polygon
[WARNING DRT-6000] Macro pin has more than 1 polygon
[WARNING DRT-6000] Macro pin has more than 1 polygon
[WARNING DRT-6000] Macro pin has more than 1 polygon
[WARNING DRT-6000] Macro pin has more than 1 polygon
[WARNING DRT-6000] Macro pin has more than 1 polygon
[WARNING DRT-6000] Macro pin has more than 1 polygon
[WARNING DRT-6000] Macro pin has more than 1 polygon
[WARNING DRT-6000] Macro pin has more than 1 polygon
[WARNING DRT-6000] Macro pin has more than 1 polygon
[WARNING DRT-6000] Macro pin has more than 1 polygon
[WARNING DRT-6000] Macro pin has more than 1 polygon
[WARNING DRT-6000] Macro pin has more than 1 polygon
[WARNING DRT-6000] Macro pin has more than 1 polygon
[WARNING DRT-6000] Macro pin has more than 1 polygon
[WARNING DRT-6000] Macro pin has more than 1 polygon
[WARNING DRT-6000] Macro pin has more than 1 polygon
[WARNING DRT-6000] Macro pin has more than 1 polygon
[WARNING DRT-6000] Macro pin has more than 1 polygon
[WARNING DRT-6000] Macro pin has more than 1 polygon
[WARNING DRT-6000] Macro pin has more than 1 polygon
[WARNING DRT-6000] Macro pin has more than 1 polygon
[WARNING DRT-6000] Macro pin has more than 1 polygon
[WARNING DRT-6000] Macro pin has more than 1 polygon
[WARNING DRT-6000] Macro pin has more than 1 polygon
[WARNING DRT-6000] Macro pin has more than 1 polygon
[WARNING DRT-6000] Macro pin has more than 1 polygon
[WARNING DRT-6000] Macro pin has more than 1 polygon
[WARNING DRT-6000] Macro pin has more than 1 polygon
[WARNING DRT-6000] Macro pin has more than 1 polygon
[WARNING DRT-6000] Macro pin has more than 1 polygon
[WARNING DRT-6000] Macro pin has more than 1 polygon
[WARNING DRT-6000] Macro pin has more than 1 polygon
[WARNING DRT-6000] Macro pin has more than 1 polygon
[WARNING DRT-6000] Macro pin has more than 1 polygon
[WARNING DRT-6000] Macro pin has more than 1 polygon
[WARNING DRT-6000] Macro pin has more than 1 polygon
[WARNING DRT-6000] Macro pin has more than 1 polygon
[WARNING DRT-6000] Macro pin has more than 1 polygon
[WARNING DRT-6000] Macro pin has more than 1 polygon
[WARNING DRT-6000] Macro pin has more than 1 polygon
[WARNING DRT-6000] Macro pin has more than 1 polygon
[WARNING DRT-6000] Macro pin has more than 1 polygon
[WARNING DRT-6000] Macro pin has more than 1 polygon
[WARNING DRT-6000] Macro pin has more than 1 polygon
[WARNING DRT-6000] Macro pin has more than 1 polygon
[WARNING DRT-6000] Macro pin has more than 1 polygon
[WARNING DRT-6000] Macro pin has more than 1 polygon
[WARNING DRT-6000] Macro pin has more than 1 polygon
[WARNING DRT-6000] Macro pin has more than 1 polygon
[WARNING DRT-6000] Macro pin has more than 1 polygon
[WARNING DRT-6000] Macro pin has more than 1 polygon
[WARNING DRT-6000] Macro pin has more than 1 polygon
[WARNING DRT-6000] Macro pin has more than 1 polygon
[WARNING DRT-6000] Macro pin has more than 1 polygon
[WARNING DRT-6000] Macro pin has more than 1 polygon
[WARNING DRT-6000] Macro pin has more than 1 polygon
[WARNING DRT-6000] Macro pin has more than 1 polygon
[WARNING DRT-6000] Macro pin has more than 1 polygon
[WARNING DRT-6000] Macro pin has more than 1 polygon
[WARNING DRT-6000] Macro pin has more than 1 polygon
[WARNING DRT-6000] Macro pin has more than 1 polygon
[WARNING DRT-6000] Macro pin has more than 1 polygon
[WARNING DRT-6000] Macro pin has more than 1 polygon
[WARNING DRT-6000] Macro pin has more than 1 polygon
[WARNING DRT-6000] Macro pin has more than 1 polygon
[WARNING DRT-6000] Macro pin has more than 1 polygon
[WARNING DRT-6000] Macro pin has more than 1 polygon
[WARNING DRT-6000] Macro pin has more than 1 polygon
[WARNING DRT-6000] Macro pin has more than 1 polygon
[WARNING DRT-6000] Macro pin has more than 1 polygon
[WARNING DRT-6000] Macro pin has more than 1 polygon
[WARNING DRT-6000] Macro pin has more than 1 polygon
[WARNING DRT-6000] Macro pin has more than 1 polygon
[WARNING DRT-6000] Macro pin has more than 1 polygon
[WARNING DRT-6000] Macro pin has more than 1 polygon
[WARNING DRT-6000] Macro pin has more than 1 polygon
[WARNING DRT-6000] Macro pin has more than 1 polygon
[WARNING DRT-6000] Macro pin has more than 1 polygon
[WARNING DRT-6000] Macro pin has more than 1 polygon
[WARNING DRT-6000] Macro pin has more than 1 polygon
[WARNING DRT-6000] Macro pin has more than 1 polygon
[WARNING DRT-6000] Macro pin has more than 1 polygon
[WARNING DRT-6000] Macro pin has more than 1 polygon
[WARNING DRT-6000] Macro pin has more than 1 polygon
[WARNING DRT-6000] Macro pin has more than 1 polygon
[WARNING DRT-6000] Macro pin has more than 1 polygon
[WARNING DRT-6000] Macro pin has more than 1 polygon
[WARNING DRT-6000] Macro pin has more than 1 polygon
[WARNING DRT-6000] Macro pin has more than 1 polygon
[WARNING DRT-6000] Macro pin has more than 1 polygon
[WARNING DRT-6000] Macro pin has more than 1 polygon
[WARNING DRT-6000] Macro pin has more than 1 polygon
[WARNING DRT-6000] Macro pin has more than 1 polygon
[WARNING DRT-6000] Macro pin has more than 1 polygon
[WARNING DRT-6000] Macro pin has more than 1 polygon
[WARNING DRT-6000] Macro pin has more than 1 polygon
[WARNING DRT-6000] Macro pin has more than 1 polygon
[WARNING DRT-6000] Macro pin has more than 1 polygon
[WARNING DRT-6000] Macro pin has more than 1 polygon
[WARNING DRT-6000] Macro pin has more than 1 polygon
[WARNING DRT-6000] Macro pin has more than 1 polygon
[WARNING DRT-6000] Macro pin has more than 1 polygon
[WARNING DRT-6000] Macro pin has more than 1 polygon
[WARNING DRT-6000] Macro pin has more than 1 polygon
[WARNING DRT-6000] Macro pin has more than 1 polygon
[WARNING DRT-6000] Macro pin has more than 1 polygon
[WARNING DRT-6000] Macro pin has more than 1 polygon
[WARNING DRT-6000] Macro pin has more than 1 polygon
[WARNING DRT-6000] Macro pin has more than 1 polygon
[WARNING DRT-6000] Macro pin has more than 1 polygon
[WARNING DRT-6000] Macro pin has more than 1 polygon
[WARNING DRT-6000] Macro pin has more than 1 polygon
[WARNING DRT-6000] Macro pin has more than 1 polygon
[WARNING DRT-6000] Macro pin has more than 1 polygon
[WARNING DRT-6000] Macro pin has more than 1 polygon
[WARNING DRT-6000] Macro pin has more than 1 polygon
[WARNING DRT-6000] Macro pin has more than 1 polygon
[WARNING DRT-6000] Macro pin has more than 1 polygon
[WARNING DRT-6000] Macro pin has more than 1 polygon
[WARNING DRT-6000] Macro pin has more than 1 polygon
[WARNING DRT-6000] Macro pin has more than 1 polygon
[WARNING DRT-6000] Macro pin has more than 1 polygon
[WARNING DRT-6000] Macro pin has more than 1 polygon
[WARNING DRT-6000] Macro pin has more than 1 polygon
[WARNING DRT-6000] Macro pin has more than 1 polygon
[WARNING DRT-6000] Macro pin has more than 1 polygon
[WARNING DRT-6000] Macro pin has more than 1 polygon
[WARNING DRT-6000] Macro pin has more than 1 polygon
[WARNING DRT-6000] Macro pin has more than 1 polygon
[WARNING DRT-6000] Macro pin has more than 1 polygon
[WARNING DRT-6000] Macro pin has more than 1 polygon
[WARNING DRT-6000] Macro pin has more than 1 polygon
[WARNING DRT-6000] Macro pin has more than 1 polygon
[WARNING DRT-6000] Macro pin has more than 1 polygon
[WARNING DRT-6000] Macro pin has more than 1 polygon
[WARNING DRT-6000] Macro pin has more than 1 polygon
[WARNING DRT-6000] Macro pin has more than 1 polygon
[WARNING DRT-6000] Macro pin has more than 1 polygon
[WARNING DRT-6000] Macro pin has more than 1 polygon
[WARNING DRT-6000] Macro pin has more than 1 polygon
[WARNING DRT-6000] Macro pin has more than 1 polygon
[WARNING DRT-6000] Macro pin has more than 1 polygon
[WARNING DRT-6000] Macro pin has more than 1 polygon
[WARNING DRT-6000] Macro pin has more than 1 polygon
[WARNING DRT-6000] Macro pin has more than 1 polygon
[WARNING DRT-6000] Macro pin has more than 1 polygon
[WARNING DRT-6000] Macro pin has more than 1 polygon
[WARNING DRT-6000] Macro pin has more than 1 polygon
[WARNING DRT-6000] Macro pin has more than 1 polygon
[WARNING DRT-6000] Macro pin has more than 1 polygon
[WARNING DRT-6000] Macro pin has more than 1 polygon
[WARNING DRT-6000] Macro pin has more than 1 polygon
[WARNING DRT-6000] Macro pin has more than 1 polygon
[WARNING DRT-6000] Macro pin has more than 1 polygon
[WARNING DRT-6000] Macro pin has more than 1 polygon
[WARNING DRT-6000] Macro pin has more than 1 polygon
[WARNING DRT-6000] Macro pin has more than 1 polygon
[WARNING DRT-6000] Macro pin has more than 1 polygon
[WARNING DRT-6000] Macro pin has more than 1 polygon
[WARNING DRT-6000] Macro pin has more than 1 polygon
[WARNING DRT-6000] Macro pin has more than 1 polygon
[WARNING DRT-6000] Macro pin has more than 1 polygon
[WARNING DRT-6000] Macro pin has more than 1 polygon
[WARNING DRT-6000] Macro pin has more than 1 polygon
[WARNING DRT-6000] Macro pin has more than 1 polygon
[WARNING DRT-6000] Macro pin has more than 1 polygon
[WARNING DRT-6000] Macro pin has more than 1 polygon
[WARNING DRT-6000] Macro pin has more than 1 polygon
[WARNING DRT-6000] Macro pin has more than 1 polygon
[WARNING DRT-6000] Macro pin has more than 1 polygon
[WARNING DRT-6000] Macro pin has more than 1 polygon
[WARNING DRT-6000] Macro pin has more than 1 polygon
[WARNING DRT-6000] Macro pin has more than 1 polygon
[WARNING DRT-6000] Macro pin has more than 1 polygon
[WARNING DRT-6000] Macro pin has more than 1 polygon
[WARNING DRT-6000] Macro pin has more than 1 polygon
[WARNING DRT-6000] Macro pin has more than 1 polygon
[WARNING DRT-6000] Macro pin has more than 1 polygon
[WARNING DRT-6000] Macro pin has more than 1 polygon
[WARNING DRT-6000] Macro pin has more than 1 polygon
[WARNING DRT-6000] Macro pin has more than 1 polygon
[WARNING DRT-6000] Macro pin has more than 1 polygon
[WARNING DRT-6000] Macro pin has more than 1 polygon
[WARNING DRT-6000] Macro pin has more than 1 polygon
[WARNING DRT-6000] Macro pin has more than 1 polygon
[WARNING DRT-6000] Macro pin has more than 1 polygon
[WARNING DRT-6000] Macro pin has more than 1 polygon
[WARNING DRT-6000] Macro pin has more than 1 polygon
[WARNING DRT-6000] Macro pin has more than 1 polygon
[WARNING DRT-6000] Macro pin has more than 1 polygon
[WARNING DRT-6000] Macro pin has more than 1 polygon
[WARNING DRT-6000] Macro pin has more than 1 polygon
[WARNING DRT-6000] Macro pin has more than 1 polygon
[WARNING DRT-6000] Macro pin has more than 1 polygon
[WARNING DRT-6000] Macro pin has more than 1 polygon
[WARNING DRT-6000] Macro pin has more than 1 polygon
[WARNING DRT-6000] Macro pin has more than 1 polygon
[WARNING DRT-6000] Macro pin has more than 1 polygon
[WARNING DRT-6000] Macro pin has more than 1 polygon
[WARNING DRT-6000] Macro pin has more than 1 polygon
[WARNING DRT-6000] Macro pin has more than 1 polygon
[WARNING DRT-6000] Macro pin has more than 1 polygon
[WARNING DRT-6000] Macro pin has more than 1 polygon
[WARNING DRT-6000] Macro pin has more than 1 polygon
[WARNING DRT-6000] Macro pin has more than 1 polygon
[WARNING DRT-6000] Macro pin has more than 1 polygon
[WARNING DRT-6000] Macro pin has more than 1 polygon
[WARNING DRT-6000] Macro pin has more than 1 polygon
[WARNING DRT-6000] Macro pin has more than 1 polygon
[WARNING DRT-6000] Macro pin has more than 1 polygon
[WARNING DRT-6000] Macro pin has more than 1 polygon
[WARNING DRT-6000] Macro pin has more than 1 polygon
[WARNING DRT-6000] Macro pin has more than 1 polygon
[WARNING DRT-6000] Macro pin has more than 1 polygon
[WARNING DRT-6000] Macro pin has more than 1 polygon
[WARNING DRT-6000] Macro pin has more than 1 polygon
[WARNING DRT-6000] Macro pin has more than 1 polygon
[WARNING DRT-6000] Macro pin has more than 1 polygon
[WARNING DRT-6000] Macro pin has more than 1 polygon
[WARNING DRT-6000] Macro pin has more than 1 polygon
[WARNING DRT-6000] Macro pin has more than 1 polygon
[WARNING DRT-6000] Macro pin has more than 1 polygon
[WARNING DRT-6000] Macro pin has more than 1 polygon
[WARNING DRT-6000] Macro pin has more than 1 polygon
[WARNING DRT-6000] Macro pin has more than 1 polygon
[WARNING DRT-6000] Macro pin has more than 1 polygon
[WARNING DRT-6000] Macro pin has more than 1 polygon
[WARNING DRT-6000] Macro pin has more than 1 polygon
[WARNING DRT-6000] Macro pin has more than 1 polygon
[WARNING DRT-6000] Macro pin has more than 1 polygon
[WARNING DRT-6000] Macro pin has more than 1 polygon
[WARNING DRT-6000] Macro pin has more than 1 polygon
[WARNING DRT-6000] Macro pin has more than 1 polygon
[WARNING DRT-6000] Macro pin has more than 1 polygon
[WARNING DRT-6000] Macro pin has more than 1 polygon
[WARNING DRT-6000] Macro pin has more than 1 polygon
[WARNING DRT-6000] Macro pin has more than 1 polygon
[WARNING DRT-6000] Macro pin has more than 1 polygon
[WARNING DRT-6000] Macro pin has more than 1 polygon
[WARNING DRT-6000] Macro pin has more than 1 polygon
[WARNING DRT-6000] Macro pin has more than 1 polygon
[WARNING DRT-6000] Macro pin has more than 1 polygon
[WARNING DRT-6000] Macro pin has more than 1 polygon
[WARNING DRT-6000] Macro pin has more than 1 polygon
[WARNING DRT-6000] Macro pin has more than 1 polygon
[WARNING DRT-6000] Macro pin has more than 1 polygon
[WARNING DRT-6000] Macro pin has more than 1 polygon
[WARNING DRT-6000] Macro pin has more than 1 polygon
[WARNING DRT-6000] Macro pin has more than 1 polygon
[WARNING DRT-6000] Macro pin has more than 1 polygon
[WARNING DRT-6000] Macro pin has more than 1 polygon
[WARNING DRT-6000] Macro pin has more than 1 polygon
[WARNING DRT-6000] Macro pin has more than 1 polygon
[WARNING DRT-6000] Macro pin has more than 1 polygon
[WARNING DRT-6000] Macro pin has more than 1 polygon
[WARNING DRT-6000] Macro pin has more than 1 polygon
[WARNING DRT-6000] Macro pin has more than 1 polygon
[WARNING DRT-6000] Macro pin has more than 1 polygon
[WARNING DRT-6000] Macro pin has more than 1 polygon
[WARNING DRT-6000] Macro pin has more than 1 polygon
[WARNING DRT-6000] Macro pin has more than 1 polygon
[WARNING DRT-6000] Macro pin has more than 1 polygon
[WARNING DRT-6000] Macro pin has more than 1 polygon
[WARNING DRT-6000] Macro pin has more than 1 polygon
[WARNING DRT-6000] Macro pin has more than 1 polygon
[WARNING DRT-6000] Macro pin has more than 1 polygon
[WARNING DRT-6000] Macro pin has more than 1 polygon
[WARNING DRT-6000] Macro pin has more than 1 polygon
[WARNING DRT-6000] Macro pin has more than 1 polygon
[WARNING DRT-6000] Macro pin has more than 1 polygon
[WARNING DRT-6000] Macro pin has more than 1 polygon
[WARNING DRT-6000] Macro pin has more than 1 polygon
[WARNING DRT-6000] Macro pin has more than 1 polygon
[WARNING DRT-6000] Macro pin has more than 1 polygon
[WARNING DRT-6000] Macro pin has more than 1 polygon
[WARNING DRT-6000] Macro pin has more than 1 polygon
[WARNING DRT-6000] Macro pin has more than 1 polygon
[WARNING DRT-6000] Macro pin has more than 1 polygon
[WARNING DRT-6000] Macro pin has more than 1 polygon
[WARNING DRT-6000] Macro pin has more than 1 polygon
[WARNING DRT-6000] Macro pin has more than 1 polygon
[WARNING DRT-6000] Macro pin has more than 1 polygon
[WARNING DRT-6000] Macro pin has more than 1 polygon
[WARNING DRT-6000] Macro pin has more than 1 polygon
[WARNING DRT-6000] Macro pin has more than 1 polygon
[WARNING DRT-6000] Macro pin has more than 1 polygon
[WARNING DRT-6000] Macro pin has more than 1 polygon
[WARNING DRT-6000] Macro pin has more than 1 polygon
[WARNING DRT-6000] Macro pin has more than 1 polygon
[WARNING DRT-6000] Macro pin has more than 1 polygon
[WARNING DRT-6000] Macro pin has more than 1 polygon
[WARNING DRT-6000] Macro pin has more than 1 polygon
[WARNING DRT-6000] Macro pin has more than 1 polygon
[WARNING DRT-6000] Macro pin has more than 1 polygon
[WARNING DRT-6000] Macro pin has more than 1 polygon
[WARNING DRT-6000] Macro pin has more than 1 polygon
[WARNING DRT-6000] Macro pin has more than 1 polygon
[WARNING DRT-6000] Macro pin has more than 1 polygon
[WARNING DRT-6000] Macro pin has more than 1 polygon
[WARNING DRT-6000] Macro pin has more than 1 polygon
[WARNING DRT-6000] Macro pin has more than 1 polygon
[WARNING DRT-6000] Macro pin has more than 1 polygon
[WARNING DRT-6000] Macro pin has more than 1 polygon
[WARNING DRT-6000] Macro pin has more than 1 polygon
[WARNING DRT-6000] Macro pin has more than 1 polygon
[WARNING DRT-6000] Macro pin has more than 1 polygon
[WARNING DRT-6000] Macro pin has more than 1 polygon
[WARNING DRT-6000] Macro pin has more than 1 polygon
[WARNING DRT-6000] Macro pin has more than 1 polygon
[WARNING DRT-6000] Macro pin has more than 1 polygon
[WARNING DRT-6000] Macro pin has more than 1 polygon
[WARNING DRT-6000] Macro pin has more than 1 polygon
[WARNING DRT-6000] Macro pin has more than 1 polygon
[WARNING DRT-6000] Macro pin has more than 1 polygon
[WARNING DRT-6000] Macro pin has more than 1 polygon
[WARNING DRT-6000] Macro pin has more than 1 polygon
[WARNING DRT-6000] Macro pin has more than 1 polygon
[WARNING DRT-6000] Macro pin has more than 1 polygon
[WARNING DRT-6000] Macro pin has more than 1 polygon
[WARNING DRT-6000] Macro pin has more than 1 polygon
[WARNING DRT-6000] Macro pin has more than 1 polygon
[WARNING DRT-6000] Macro pin has more than 1 polygon
[WARNING DRT-6000] Macro pin has more than 1 polygon
[WARNING DRT-6000] Macro pin has more than 1 polygon
[WARNING DRT-6000] Macro pin has more than 1 polygon
[WARNING DRT-6000] Macro pin has more than 1 polygon
[WARNING DRT-6000] Macro pin has more than 1 polygon
[WARNING DRT-6000] Macro pin has more than 1 polygon
[WARNING DRT-6000] Macro pin has more than 1 polygon
[WARNING DRT-6000] Macro pin has more than 1 polygon
[WARNING DRT-6000] Macro pin has more than 1 polygon
[WARNING DRT-6000] Macro pin has more than 1 polygon
[WARNING DRT-6000] Macro pin has more than 1 polygon
[WARNING DRT-6000] Macro pin has more than 1 polygon
[WARNING DRT-6000] Macro pin has more than 1 polygon
[WARNING DRT-6000] Macro pin has more than 1 polygon
[WARNING DRT-6000] Macro pin has more than 1 polygon
[WARNING DRT-6000] Macro pin has more than 1 polygon
[WARNING DRT-6000] Macro pin has more than 1 polygon
[WARNING DRT-6000] Macro pin has more than 1 polygon
[WARNING DRT-6000] Macro pin has more than 1 polygon
[WARNING DRT-6000] Macro pin has more than 1 polygon
[WARNING DRT-6000] Macro pin has more than 1 polygon
[WARNING DRT-6000] Macro pin has more than 1 polygon
[WARNING DRT-6000] Macro pin has more than 1 polygon
[WARNING DRT-6000] Macro pin has more than 1 polygon
[WARNING DRT-6000] Macro pin has more than 1 polygon
[WARNING DRT-6000] Macro pin has more than 1 polygon
[WARNING DRT-6000] Macro pin has more than 1 polygon
[WARNING DRT-6000] Macro pin has more than 1 polygon
[WARNING DRT-6000] Macro pin has more than 1 polygon
[WARNING DRT-6000] Macro pin has more than 1 polygon
[WARNING DRT-6000] Macro pin has more than 1 polygon
[WARNING DRT-6000] Macro pin has more than 1 polygon
[WARNING DRT-6000] Macro pin has more than 1 polygon
[WARNING DRT-6000] Macro pin has more than 1 polygon
[WARNING DRT-6000] Macro pin has more than 1 polygon
[WARNING DRT-6000] Macro pin has more than 1 polygon
[WARNING DRT-6000] Macro pin has more than 1 polygon
[WARNING DRT-6000] Macro pin has more than 1 polygon
[WARNING DRT-6000] Macro pin has more than 1 polygon
[WARNING DRT-6000] Macro pin has more than 1 polygon
[WARNING DRT-6000] Macro pin has more than 1 polygon
[WARNING DRT-6000] Macro pin has more than 1 polygon
[WARNING DRT-6000] Macro pin has more than 1 polygon
[WARNING DRT-6000] Macro pin has more than 1 polygon
[WARNING DRT-6000] Macro pin has more than 1 polygon
[WARNING DRT-6000] Macro pin has more than 1 polygon
[WARNING DRT-6000] Macro pin has more than 1 polygon
[WARNING DRT-6000] Macro pin has more than 1 polygon
[WARNING DRT-6000] Macro pin has more than 1 polygon
[WARNING DRT-6000] Macro pin has more than 1 polygon
[WARNING DRT-6000] Macro pin has more than 1 polygon
[WARNING DRT-6000] Macro pin has more than 1 polygon
[INFO DRT-0078]   Complete 5 pins.
[INFO DRT-0081]   Complete 4 unique inst patterns.
[INFO DRT-0084]   Complete 0 groups.
#scanned instances     = 9194
#unique  instances     = 16
#stdCellGenAp          = 0
#stdCellValidPlanarAp  = 0
#stdCellValidViaAp     = 0
#stdCellPinNoAp        = 0
#stdCellPinCnt         = 0
#instTermValidViaApCnt = 0
#macroGenAp            = 109
#macroValidPlanarAp    = 85
#macroValidViaAp       = 42
#macroNoAp             = 0
[INFO DRT-0166] Complete pin access.
[INFO DRT-0267] cpu time = 00:00:00, elapsed time = 00:00:00, memory = 114.66 (MB), peak = 116.27 (MB)

Number of guides:     35

[INFO DRT-0169] Post process guides.
[INFO DRT-0176] GCELLGRID X 0 DO 43 STEP 6900 ;
[INFO DRT-0177] GCELLGRID Y 0 DO 43 STEP 6900 ;
[INFO DRT-0028]   Complete FR_MASTERSLICE.
[INFO DRT-0028]   Complete Fr_VIA.
[INFO DRT-0028]   Complete li1.
[INFO DRT-0028]   Complete mcon.
[INFO DRT-0028]   Complete met1.
[INFO DRT-0028]   Complete via.
[INFO DRT-0028]   Complete met2.
[INFO DRT-0028]   Complete via2.
[INFO DRT-0028]   Complete met3.
[INFO DRT-0028]   Complete via3.
[INFO DRT-0028]   Complete met4.
[INFO DRT-0028]   Complete via4.
[INFO DRT-0028]   Complete met5.
[INFO DRT-0178] Init guide query.
[INFO DRT-0035]   Complete FR_MASTERSLICE (guide).
[INFO DRT-0035]   Complete Fr_VIA (guide).
[INFO DRT-0035]   Complete li1 (guide).
[INFO DRT-0035]   Complete mcon (guide).
[INFO DRT-0035]   Complete met1 (guide).
[INFO DRT-0035]   Complete via (guide).
[INFO DRT-0035]   Complete met2 (guide).
[INFO DRT-0035]   Complete via2 (guide).
[INFO DRT-0035]   Complete met3 (guide).
[INFO DRT-0035]   Complete via3 (guide).
[INFO DRT-0035]   Complete met4 (guide).
[INFO DRT-0035]   Complete via4 (guide).
[INFO DRT-0035]   Complete met5 (guide).
[INFO DRT-0036] FR_MASTERSLICE guide region query size = 0.
[INFO DRT-0036] FR_VIA guide region query size = 0.
[INFO DRT-0036] li1 guide region query size = 1.
[INFO DRT-0036] mcon guide region query size = 0.
[INFO DRT-0036] met1 guide region query size = 7.
[INFO DRT-0036] via guide region query size = 0.
[INFO DRT-0036] met2 guide region query size = 7.
[INFO DRT-0036] via2 guide region query size = 0.
[INFO DRT-0036] met3 guide region query size = 1.
[INFO DRT-0036] via3 guide region query size = 0.
[INFO DRT-0036] met4 guide region query size = 0.
[INFO DRT-0036] via4 guide region query size = 0.
[INFO DRT-0036] met5 guide region query size = 0.
[INFO DRT-0179] Init gr pin query.
[INFO DRT-0185] Post process initialize RPin region query.
[INFO DRT-0181] Start track assignment.
[INFO DRT-0184] Done with 8 vertical wires in 1 frboxes and 8 horizontal wires in 1 frboxes.
[INFO DRT-0186] Done with 2 vertical wires in 1 frboxes and 0 horizontal wires in 1 frboxes.
[INFO DRT-0182] Complete track assignment.
[INFO DRT-0267] cpu time = 00:00:00, elapsed time = 00:00:00, memory = 119.82 (MB), peak = 130.88 (MB)
[INFO DRT-0187] Start routing data preparation.
[INFO DRT-0267] cpu time = 00:00:00, elapsed time = 00:00:00, memory = 119.82 (MB), peak = 130.88 (MB)
[INFO DRT-0194] Start detail routing.
[INFO DRT-0195] Start 0th optimization iteration.
    Completing 10% with 0 violations.
    elapsed time = 00:00:00, memory = 146.92 (MB).
    Completing 20% with 0 violations.
    elapsed time = 00:00:01, memory = 189.31 (MB).
    Completing 30% with 0 violations.
    elapsed time = 00:00:01, memory = 189.31 (MB).
    Completing 40% with 1 violations.
    elapsed time = 00:00:01, memory = 189.31 (MB).
    Completing 50% with 1 violations.
    elapsed time = 00:00:02, memory = 192.15 (MB).
    Completing 60% with 5 violations.
    elapsed time = 00:00:02, memory = 192.41 (MB).
    Completing 70% with 5 violations.
    elapsed time = 00:00:02, memory = 192.41 (MB).
    Completing 80% with 5 violations.
    elapsed time = 00:00:02, memory = 198.34 (MB).
    Completing 90% with 5 violations.
    elapsed time = 00:00:03, memory = 198.59 (MB).
    Completing 100% with 5 violations.
    elapsed time = 00:00:03, memory = 203.75 (MB).
[INFO DRT-0199]   Number of violations = 15.
Viol/Layer         li1   mcon   met1   met2
Metal Spacing        1      0      2      1
Recheck              4      0      5      1
Short                0      1      0      0
[INFO DRT-0267] cpu time = 00:00:03, elapsed time = 00:00:05, memory = 484.01 (MB), peak = 496.42 (MB)
Total wire length = 939 um.
Total wire length on LAYER li1 = 0 um.
Total wire length on LAYER met1 = 361 um.
Total wire length on LAYER met2 = 554 um.
Total wire length on LAYER met3 = 23 um.
Total wire length on LAYER met4 = 0 um.
Total wire length on LAYER met5 = 0 um.
Total number of vias = 11.
Up-via summary (total 11):.

---------------------
 FR_MASTERSLICE     0
            li1     1
           met1     9
           met2     1
           met3     0
           met4     0
---------------------
                   11


[INFO DRT-0195] Start 1st optimization iteration.
    Completing 10% with 15 violations.
    elapsed time = 00:00:00, memory = 482.75 (MB).
    Completing 20% with 15 violations.
    elapsed time = 00:00:00, memory = 482.54 (MB).
    Completing 30% with 15 violations.
    elapsed time = 00:00:00, memory = 482.54 (MB).
    Completing 40% with 15 violations.
    elapsed time = 00:00:01, memory = 482.54 (MB).
    Completing 50% with 15 violations.
    elapsed time = 00:00:01, memory = 482.54 (MB).
    Completing 60% with 0 violations.
    elapsed time = 00:00:01, memory = 480.11 (MB).
    Completing 70% with 0 violations.
    elapsed time = 00:00:02, memory = 480.11 (MB).
    Completing 80% with 0 violations.
    elapsed time = 00:00:02, memory = 480.11 (MB).
    Completing 90% with 0 violations.
    elapsed time = 00:00:05, memory = 475.22 (MB).
    Completing 100% with 0 violations.
    elapsed time = 00:00:07, memory = 477.43 (MB).
[INFO DRT-0199]   Number of violations = 0.
[INFO DRT-0267] cpu time = 00:00:05, elapsed time = 00:00:07, memory = 478.09 (MB), peak = 496.42 (MB)
Total wire length = 939 um.
Total wire length on LAYER li1 = 0 um.
Total wire length on LAYER met1 = 368 um.
Total wire length on LAYER met2 = 554 um.
Total wire length on LAYER met3 = 16 um.
Total wire length on LAYER met4 = 0 um.
Total wire length on LAYER met5 = 0 um.
Total number of vias = 11.
Up-via summary (total 11):.

---------------------
 FR_MASTERSLICE     0
            li1     1
           met1     9
           met2     1
           met3     0
           met4     0
---------------------
                   11


[INFO DRT-0198] Complete detail routing.
Total wire length = 939 um.
Total wire length on LAYER li1 = 0 um.
Total wire length on LAYER met1 = 368 um.
Total wire length on LAYER met2 = 554 um.
Total wire length on LAYER met3 = 16 um.
Total wire length on LAYER met4 = 0 um.
Total wire length on LAYER met5 = 0 um.
Total number of vias = 11.
Up-via summary (total 11):.

---------------------
 FR_MASTERSLICE     0
            li1     1
           met1     9
           met2     1
           met3     0
           met4     0
---------------------
                   11


[INFO DRT-0267] cpu time = 00:00:09, elapsed time = 00:00:13, memory = 478.09 (MB), peak = 496.42 (MB)

[INFO DRT-0180] Post processing.
Elapsed time: 0:15.39[h:]min:sec. CPU time: user 6.73 sys 4.12 (70%). Peak memory: 508332KB.
