OpenROAD 0264023b6c2a8ae803b8d440478d657387277d93 
This program is licensed under the BSD-3 license. See the LICENSE file for details.
Components of this program may be licensed under more restrictive licenses which must be honored.
[INFO GPL-0002] DBU: 1000
[INFO GPL-0003] SiteSize: 460 2720
[INFO GPL-0004] CoreAreaLxLy: 25300 24480
[INFO GPL-0005] CoreAreaUxUy: 99820 62560
[INFO GPL-0006] NumInstances: 171
[INFO GPL-0007] NumPlaceInstances: 0
[INFO GPL-0008] NumFixedInstances: 87
[INFO GPL-0009] NumDummyInstances: 84
[INFO GPL-0010] NumNets: 4
[INFO GPL-0011] NumPins: 8
[INFO GPL-0012] DieAreaLxLy: 0 0
[INFO GPL-0013] DieAreaUxUy: 120000 90000
[INFO GPL-0014] CoreAreaLxLy: 25300 24480
[INFO GPL-0015] CoreAreaUxUy: 99820 62560
[INFO GPL-0016] CoreArea: 2837721600
[INFO GPL-0017] NonPlaceInstsArea: 2837721600
[INFO GPL-0018] PlaceInstsArea: 0
[INFO GPL-0019] Util(%): -nan
[INFO GPL-0020] StdInstsArea: 0
[INFO GPL-0021] MacroInstsArea: 0
[InitialPlace]  Iter: 1 CG residual: 0.00000012 HPWL: 377990
[InitialPlace]  Iter: 2 CG residual: 0.00000012 HPWL: 377990
[InitialPlace]  Iter: 3 CG residual: 0.00000012 HPWL: 377990
[InitialPlace]  Iter: 4 CG residual: 0.00000012 HPWL: 377990
[InitialPlace]  Iter: 5 CG residual: 0.00000012 HPWL: 377990
[WARNING GPL-0136] No placeable instances - skipping placement.

==========================================================================
global place check_setup
--------------------------------------------------------------------------
Warning: There are 2 input ports missing set_input_delay.
Warning: There is 1 output port missing set_output_delay.
Warning: There is 1 unconstrained endpoint.

==========================================================================
global place report_tns
--------------------------------------------------------------------------
tns 0.00

==========================================================================
global place report_wns
--------------------------------------------------------------------------
wns 0.00

==========================================================================
global place report_worst_slack
--------------------------------------------------------------------------
worst slack INF

==========================================================================
global place report_checks -path_delay min
--------------------------------------------------------------------------
No paths found.

==========================================================================
global place report_checks -path_delay max
--------------------------------------------------------------------------
No paths found.

==========================================================================
global place report_checks -unconstrained
--------------------------------------------------------------------------
Startpoint: in_bias (input port)
Endpoint: one_bit_adc/BIAS (internal pin)
Path Group: (none)
Path Type: max

Fanout     Cap    Slew   Delay    Time   Description
-----------------------------------------------------------------------------
                          0.00    0.00 ^ input external delay
                  0.00    0.00    0.00 ^ in_bias (in)
     1    0.01                           in_bias (net)
                  0.00    0.00    0.00 ^ one_bit_adc/BIAS (COMPARATOR)
                                  0.00   data arrival time
-----------------------------------------------------------------------------
(Path is unconstrained)



==========================================================================
global place report_power
--------------------------------------------------------------------------
Group                  Internal  Switching    Leakage      Total
                          Power      Power      Power      Power (Watts)
----------------------------------------------------------------
Sequential             0.00e+00   0.00e+00   0.00e+00   0.00e+00   0.0%
Combinational          0.00e+00   0.00e+00   1.94e-10   1.94e-10 100.0%
Macro                  0.00e+00   0.00e+00   0.00e+00   0.00e+00   0.0%
Pad                    0.00e+00   0.00e+00   0.00e+00   0.00e+00   0.0%
----------------------------------------------------------------
Total                  0.00e+00   0.00e+00   1.94e-10   1.94e-10 100.0%
                           0.0%       0.0%     100.0%

==========================================================================
global place report_design_area
--------------------------------------------------------------------------
Design area 843 u^2 30% utilization.

Elapsed time: 0:01.27[h:]min:sec. CPU time: user 0.20 sys 0.44 (50%). Peak memory: 90824KB.
