OpenROAD 0264023b6c2a8ae803b8d440478d657387277d93 
This program is licensed under the BSD-3 license. See the LICENSE file for details.
Components of this program may be licensed under more restrictive licenses which must be honored.
[INFO] Deleted 0 routing obstructions
[INFO RCX-0431] Defined process_corner X with ext_model_index 0
[INFO RCX-0029] Defined extraction corner X
[INFO RCX-0008] extracting parasitics of async_up_down ...
[INFO RCX-0435] Reading extraction model file /home/pramit/EDA_TOOLS/OpenFASOC/OpenFASOC/openfasoc/generators/async_up_down-gen/flow/../../../common/platforms/sky130hd/rcx_patterns.rules ...
[INFO RCX-0436] RC segment generation async_up_down (max_merge_res 50.0) ...
[INFO RCX-0040] Final 25 rc segments
[INFO RCX-0439] Coupling Cap extraction async_up_down ...
[INFO RCX-0440] Coupling threshhold is 0.1000 fF, coupling capacitance less than 0.1000 fF will be grounded.
[INFO RCX-0043] 182 wires to be extracted
[INFO RCX-0442] 82% completion -- 151 wires have been extracted
[INFO RCX-0442] 100% completion -- 182 wires have been extracted
[INFO RCX-0045] Extract 6 nets, 31 rsegs, 31 caps, 5 ccs
[INFO RCX-0015] Finished extracting async_up_down.
[INFO RCX-0016] Writing SPEF ...
[INFO RCX-0443] 6 nets finished
[INFO RCX-0017] Finished writing SPEF ...
[WARNING PSM-0016] Voltage pad location (VSRC) file not specified, defaulting pad location to checkerboard pattern on core area.
[WARNING PSM-0017] X direction bump pitch is not specified, defaulting to 140um.
[WARNING PSM-0018] Y direction bump pitch is not specified, defaulting to 140um.
[WARNING PSM-0063] Specified bump pitches of 140.000 and 140.000 are less than core width of 74.520 or core height of 38.080. Changing bump location to the center of the die at (62.560, 43.520).
[WARNING PSM-0065] VSRC location not specified, using default checkerboard pattern with one VDD every size bumps in x-direction and one in two bumps in the y-direction
[INFO PSM-0076] Setting metal node density to be standard cell height times 5.
[WARNING PSM-0030] VSRC location at (62.560um, 43.520um) and size 10.000um, is not located on an existing power stripe node. Moving to closest node at (103.320um, 66.060um).
[INFO PSM-0031] Number of PDN nodes on net VDD = 309.
[INFO PSM-0064] Number of voltage sources = 1.
[INFO PSM-0040] All PDN stripes on net VDD are connected.
########## IR report #################
Worstcase voltage: 1.80e+00 V
Average IR drop  : 8.39e-11 V
Worstcase IR drop: 4.10e-10 V
######################################
[WARNING PSM-0016] Voltage pad location (VSRC) file not specified, defaulting pad location to checkerboard pattern on core area.
[WARNING PSM-0017] X direction bump pitch is not specified, defaulting to 140um.
[WARNING PSM-0018] Y direction bump pitch is not specified, defaulting to 140um.
[WARNING PSM-0063] Specified bump pitches of 140.000 and 140.000 are less than core width of 74.520 or core height of 38.080. Changing bump location to the center of the die at (62.560, 43.520).
[WARNING PSM-0065] VSRC location not specified, using default checkerboard pattern with one VDD every size bumps in x-direction and one in two bumps in the y-direction
[INFO PSM-0076] Setting metal node density to be standard cell height times 5.
[WARNING PSM-0030] VSRC location at (62.560um, 43.520um) and size 10.000um, is not located on an existing power stripe node. Moving to closest node at (110.320um, 73.060um).
[INFO PSM-0031] Number of PDN nodes on net VSS = 294.
[INFO PSM-0064] Number of voltage sources = 1.
[INFO PSM-0040] All PDN stripes on net VSS are connected.
########## IR report #################
Worstcase voltage: 5.30e-10 V
Average IR drop  : 1.23e-10 V
Worstcase IR drop: 5.30e-10 V
######################################
libGL error: MESA-LOADER: failed to open swrast: /usr/lib/dri/swrast_dri.so: cannot open shared object file: No such file or directory (search paths /usr/lib/x86_64-linux-gnu/dri:\$${ORIGIN}/dri:/usr/lib/dri, suffix _dri)
libGL error: failed to load driver: swrast
[WARNING STA-0323] clock '*' not found.
Elapsed time: 0:04.37[h:]min:sec. CPU time: user 0.63 sys 1.43 (47%). Peak memory: 163424KB.
