Tue Mar 07 13:57:11 UTC 2023 - Executing "openroad -exit -no_init -python /openlane/scripts/odbpy/lefutil.py get_metal_layers -o /openlane/designs/up_counter/runs/RUN_2023.03.07_13.57.11/tmp/layers.list /home/pramit/EDA_TOOLS/OpenLane/pdks/sky130A/libs.ref/sky130_fd_sc_hd/techlef/sky130_fd_sc_hd__nom.tlef"

Tue Mar 07 13:57:11 UTC 2023 - Executing "/openlane/scripts/mergeLef.py -o /openlane/designs/up_counter/runs/RUN_2023.03.07_13.57.11/tmp/merged.nom.lef -i /home/pramit/EDA_TOOLS/OpenLane/pdks/sky130A/libs.ref/sky130_fd_sc_hd/techlef/sky130_fd_sc_hd__nom.tlef {/home/pramit/EDA_TOOLS/OpenLane/pdks/sky130A/libs.ref/sky130_fd_sc_hd/lef/sky130_fd_sc_hd.lef /home/pramit/EDA_TOOLS/OpenLane/pdks/sky130A/libs.ref/sky130_fd_sc_hd/lef/sky130_ef_sc_hd.lef} |& tee /dev/null"

Tue Mar 07 13:57:11 UTC 2023 - Executing "/openlane/scripts/mergeLef.py -o /openlane/designs/up_counter/runs/RUN_2023.03.07_13.57.11/tmp/merged.min.lef -i /home/pramit/EDA_TOOLS/OpenLane/pdks/sky130A/libs.ref/sky130_fd_sc_hd/techlef/sky130_fd_sc_hd__min.tlef {/home/pramit/EDA_TOOLS/OpenLane/pdks/sky130A/libs.ref/sky130_fd_sc_hd/lef/sky130_fd_sc_hd.lef /home/pramit/EDA_TOOLS/OpenLane/pdks/sky130A/libs.ref/sky130_fd_sc_hd/lef/sky130_ef_sc_hd.lef} |& tee /dev/null"

Tue Mar 07 13:57:12 UTC 2023 - Executing "/openlane/scripts/mergeLef.py -o /openlane/designs/up_counter/runs/RUN_2023.03.07_13.57.11/tmp/merged.max.lef -i /home/pramit/EDA_TOOLS/OpenLane/pdks/sky130A/libs.ref/sky130_fd_sc_hd/techlef/sky130_fd_sc_hd__max.tlef {/home/pramit/EDA_TOOLS/OpenLane/pdks/sky130A/libs.ref/sky130_fd_sc_hd/lef/sky130_fd_sc_hd.lef /home/pramit/EDA_TOOLS/OpenLane/pdks/sky130A/libs.ref/sky130_fd_sc_hd/lef/sky130_ef_sc_hd.lef} |& tee /dev/null"

Tue Mar 07 13:57:12 UTC 2023 - Executing "python3 /openlane/scripts/mergeLib.py --output /openlane/designs/up_counter/runs/RUN_2023.03.07_13.57.11/tmp/synthesis/merged.lib --name sky130A_merged /home/pramit/EDA_TOOLS/OpenLane/pdks/sky130A/libs.ref/sky130_fd_sc_hd/lib/sky130_fd_sc_hd__tt_025C_1v80.lib"

Tue Mar 07 13:57:12 UTC 2023 - Executing "python3 /openlane/scripts/libtrim.py --cell-file /openlane/designs/up_counter/runs/RUN_2023.03.07_13.57.11/tmp/synthesis/trimmed.lib.exclude.list --output /openlane/designs/up_counter/runs/RUN_2023.03.07_13.57.11/tmp/synthesis/trimmed.lib /openlane/designs/up_counter/runs/RUN_2023.03.07_13.57.11/tmp/synthesis/merged.lib"

Tue Mar 07 13:57:12 UTC 2023 - Executing "python3 /openlane/scripts/libtrim.py --cell-file /openlane/designs/up_counter/runs/RUN_2023.03.07_13.57.11/tmp/cts/cts.lib.exclude.list --output /openlane/designs/up_counter/runs/RUN_2023.03.07_13.57.11/tmp/cts/cts.lib /home/pramit/EDA_TOOLS/OpenLane/pdks/sky130A/libs.ref/sky130_fd_sc_hd/lib/sky130_fd_sc_hd__tt_025C_1v80.lib"

Tue Mar 07 13:57:12 UTC 2023 - Executing "python3 /openlane/scripts/new_tracks.py -i /home/pramit/EDA_TOOLS/OpenLane/pdks/sky130A/libs.tech/openlane/sky130_fd_sc_hd/tracks.info -o /openlane/designs/up_counter/runs/RUN_2023.03.07_13.57.11/tmp/routing/config.tracks"

Tue Mar 07 13:57:12 UTC 2023 - Executing "echo {OpenLane 18a1df4372d2b2466da50ba762940fb6dca87c23} > /openlane/designs/up_counter/runs/RUN_2023.03.07_13.57.11/OPENLANE_VERSION"

Tue Mar 07 13:57:13 UTC 2023 - Executing "sed -E {s/^([[:space:]]+)pg_pin(.*)/\1pin\2\n\1    direction : "inout";/g} /home/pramit/EDA_TOOLS/OpenLane/pdks/sky130A/libs.ref/sky130_fd_sc_hd/lib/sky130_fd_sc_hd__tt_025C_1v80.lib > /openlane/designs/up_counter/runs/RUN_2023.03.07_13.57.11/tmp/synthesis/1-sky130_fd_sc_hd__tt_025C_1v80.no_pg.lib"

Tue Mar 07 13:57:13 UTC 2023 - Executing "sed -E {s/^([[:space:]]+)pg_pin(.*)/\1pin\2\n\1    direction : "inout";/g} /openlane/designs/up_counter/runs/RUN_2023.03.07_13.57.11/tmp/synthesis/trimmed.lib > /openlane/designs/up_counter/runs/RUN_2023.03.07_13.57.11/tmp/synthesis/1-trimmed.no_pg.lib"

Tue Mar 07 13:57:13 UTC 2023 - Executing "yosys -c /openlane/scripts/yosys/synth.tcl |& tee /dev/null /openlane/designs/up_counter/runs/RUN_2023.03.07_13.57.11/logs/synthesis/1-synthesis.log"

Tue Mar 07 13:57:14 UTC 2023 - Executing "sed -i.bak -e {s/\(set ::env(CURRENT_NETLIST)\).*/\1 \/openlane\/designs\/up_counter\/runs\/RUN_2023.03.07_13.57.11\/results\/synthesis\/up_counter.v/} /openlane/designs/up_counter/runs/RUN_2023.03.07_13.57.11/config.tcl"

Tue Mar 07 13:57:14 UTC 2023 - Executing "sed -i.bak /defparam/d /openlane/designs/up_counter/runs/RUN_2023.03.07_13.57.11/results/synthesis/up_counter.v"

Tue Mar 07 13:57:14 UTC 2023 - Executing "openroad -exit /openlane/scripts/openroad/sta.tcl |& tee /dev/null /openlane/designs/up_counter/runs/RUN_2023.03.07_13.57.11/logs/synthesis/2-sta.log"

Tue Mar 07 13:57:14 UTC 2023 - Executing "openroad -exit /openlane/scripts/openroad/floorplan.tcl |& tee /dev/null /openlane/designs/up_counter/runs/RUN_2023.03.07_13.57.11/logs/floorplan/3-initial_fp.log"

Tue Mar 07 13:57:15 UTC 2023 - Executing "openroad -exit -no_init -python /openlane/scripts/odbpy/defutil.py extract_core_dims --output-data /openlane/designs/up_counter/runs/RUN_2023.03.07_13.57.11/tmp/dimensions.txt --input-lef /openlane/designs/up_counter/runs/RUN_2023.03.07_13.57.11/tmp/merged.nom.lef /openlane/designs/up_counter/runs/RUN_2023.03.07_13.57.11/tmp/floorplan/3-initial_fp.def"

Tue Mar 07 13:57:16 UTC 2023 - Executing "openroad -exit /openlane/scripts/openroad/ioplacer.tcl |& tee /dev/null /openlane/designs/up_counter/runs/RUN_2023.03.07_13.57.11/logs/floorplan/4-io.log"

Tue Mar 07 13:57:16 UTC 2023 - Executing "openroad -exit /openlane/scripts/openroad/tapcell.tcl |& tee /dev/null /openlane/designs/up_counter/runs/RUN_2023.03.07_13.57.11/logs/floorplan/5-tap.log"

Tue Mar 07 13:57:17 UTC 2023 - Executing "openroad -exit /openlane/scripts/openroad/pdn.tcl |& tee /dev/null /openlane/designs/up_counter/runs/RUN_2023.03.07_13.57.11/logs/floorplan/6-pdn.log"

Tue Mar 07 13:57:18 UTC 2023 - Executing "openroad -exit -no_init -python /openlane/scripts/odbpy/random_place.py --input-lef /openlane/designs/up_counter/runs/RUN_2023.03.07_13.57.11/tmp/merged.nom.lef --output-def /openlane/designs/up_counter/runs/RUN_2023.03.07_13.57.11/tmp/placement/7-global.def --output /openlane/designs/up_counter/runs/RUN_2023.03.07_13.57.11/tmp/placement/7-global.odb /openlane/designs/up_counter/runs/RUN_2023.03.07_13.57.11/tmp/floorplan/6-pdn.odb |& tee /dev/null /openlane/designs/up_counter/runs/RUN_2023.03.07_13.57.11/logs/placement/7-global.log"

Tue Mar 07 13:57:18 UTC 2023 - Executing "openroad -exit /openlane/scripts/openroad/resizer.tcl |& tee /dev/null /openlane/designs/up_counter/runs/RUN_2023.03.07_13.57.11/logs/placement/8-resizer.log"

Tue Mar 07 13:57:19 UTC 2023 - Executing "sed -i.bak -e {s/\(set ::env(CURRENT_NETLIST)\).*/\1 \/openlane\/designs\/up_counter\/runs\/RUN_2023.03.07_13.57.11\/tmp\/placement\/8-resizer.nl.v/} /openlane/designs/up_counter/runs/RUN_2023.03.07_13.57.11/config.tcl"

Tue Mar 07 13:57:19 UTC 2023 - Executing "openroad -exit /openlane/scripts/openroad/dpl.tcl |& tee /dev/null /openlane/designs/up_counter/runs/RUN_2023.03.07_13.57.11/logs/placement/9-detailed.log"

Tue Mar 07 13:57:20 UTC 2023 - Executing "sed -i.bak -e {s/\(set ::env(CURRENT_NETLIST)\).*/\1 \/openlane\/designs\/up_counter\/runs\/RUN_2023.03.07_13.57.11\/results\/placement\/up_counter.nl.v/} /openlane/designs/up_counter/runs/RUN_2023.03.07_13.57.11/config.tcl"

Tue Mar 07 13:57:20 UTC 2023 - Executing "openroad -exit /openlane/scripts/openroad/cts.tcl |& tee /dev/null /openlane/designs/up_counter/runs/RUN_2023.03.07_13.57.11/logs/cts/10-cts.log"

Tue Mar 07 13:57:53 UTC 2023 - Executing "openroad -exit /openlane/scripts/openroad/resizer_timing.tcl |& tee /dev/null /openlane/designs/up_counter/runs/RUN_2023.03.07_13.57.11/logs/cts/11-resizer.log"

Tue Mar 07 13:57:54 UTC 2023 - Executing "sed -i.bak -e {s/\(set ::env(CURRENT_NETLIST)\).*/\1 \/openlane\/designs\/up_counter\/runs\/RUN_2023.03.07_13.57.11\/tmp\/cts\/11-up_counter.resized.nl.v/} /openlane/designs/up_counter/runs/RUN_2023.03.07_13.57.11/config.tcl"

Tue Mar 07 13:57:54 UTC 2023 - Executing "openroad -exit /openlane/scripts/openroad/resizer_routing_design.tcl |& tee /dev/null /openlane/designs/up_counter/runs/RUN_2023.03.07_13.57.11/logs/routing/12-resizer_design.log"

Tue Mar 07 13:57:54 UTC 2023 - Executing "sed -i.bak -e {s/\(set ::env(CURRENT_NETLIST)\).*/\1 \/openlane\/designs\/up_counter\/runs\/RUN_2023.03.07_13.57.11\/tmp\/12-up_counter.nl.v/} /openlane/designs/up_counter/runs/RUN_2023.03.07_13.57.11/config.tcl"

Tue Mar 07 13:57:55 UTC 2023 - Executing "openroad -exit /openlane/scripts/openroad/resizer_routing_timing.tcl |& tee /dev/null /openlane/designs/up_counter/runs/RUN_2023.03.07_13.57.11/logs/routing/13-resizer_timing.log"

Tue Mar 07 13:57:55 UTC 2023 - Executing "sed -i.bak -e {s/\(set ::env(CURRENT_NETLIST)\).*/\1 \/openlane\/designs\/up_counter\/runs\/RUN_2023.03.07_13.57.11\/tmp\/13-up_counter.nl.v/} /openlane/designs/up_counter/runs/RUN_2023.03.07_13.57.11/config.tcl"

Tue Mar 07 13:57:55 UTC 2023 - Executing "openroad -exit /openlane/scripts/openroad/dpl.tcl |& tee /dev/null /openlane/designs/up_counter/runs/RUN_2023.03.07_13.57.11/logs/routing/14-diode_legalization.log"

Tue Mar 07 13:57:56 UTC 2023 - Executing "sed -i.bak -e {s/\(set ::env(CURRENT_NETLIST)\).*/\1 \/openlane\/designs\/up_counter\/runs\/RUN_2023.03.07_13.57.11\/tmp\/routing\/diode.nl.v/} /openlane/designs/up_counter/runs/RUN_2023.03.07_13.57.11/config.tcl"

Tue Mar 07 13:57:56 UTC 2023 - Executing "openroad -exit /openlane/scripts/openroad/groute.tcl |& tee /dev/null /openlane/designs/up_counter/runs/RUN_2023.03.07_13.57.11/logs/routing/15-global.log"

Tue Mar 07 13:57:57 UTC 2023 - Executing "openroad -exit /openlane/scripts/openroad/write_views.tcl |& tee /dev/null /openlane/designs/up_counter/runs/RUN_2023.03.07_13.57.11/logs/routing/15-global_write_netlist.log"

Tue Mar 07 13:57:57 UTC 2023 - Executing "sed -i.bak -e {s/\(set ::env(CURRENT_NETLIST)\).*/\1 \/openlane\/designs\/up_counter\/runs\/RUN_2023.03.07_13.57.11\/tmp\/routing\/global.nl.v/} /openlane/designs/up_counter/runs/RUN_2023.03.07_13.57.11/config.tcl"

Tue Mar 07 13:57:58 UTC 2023 - Executing "openroad -exit /openlane/scripts/openroad/fill.tcl |& tee /dev/null /openlane/designs/up_counter/runs/RUN_2023.03.07_13.57.11/logs/routing/17-fill.log"

Tue Mar 07 13:57:58 UTC 2023 - Executing "sed -i.bak -e {s/\(set ::env(CURRENT_NETLIST)\).*/\1 \/openlane\/designs\/up_counter\/runs\/RUN_2023.03.07_13.57.11\/tmp\/routing\/17-fill.nl.v/} /openlane/designs/up_counter/runs/RUN_2023.03.07_13.57.11/config.tcl"

Tue Mar 07 13:57:58 UTC 2023 - Executing "openroad -exit /openlane/scripts/openroad/droute.tcl |& tee /dev/null /openlane/designs/up_counter/runs/RUN_2023.03.07_13.57.11/logs/routing/18-detailed.log"

Tue Mar 07 13:58:01 UTC 2023 - Executing "sed -i.bak -e {s/\(set ::env(CURRENT_NETLIST)\).*/\1 \/openlane\/designs\/up_counter\/runs\/RUN_2023.03.07_13.57.11\/results\/routing\/up_counter.nl.v/} /openlane/designs/up_counter/runs/RUN_2023.03.07_13.57.11/config.tcl"

Tue Mar 07 13:58:01 UTC 2023 - Executing "python3 /openlane/scripts/drc_rosetta.py tr to_klayout -o /openlane/designs/up_counter/runs/RUN_2023.03.07_13.57.11/reports/routing/drt.klayout.xml --design-name up_counter /openlane/designs/up_counter/runs/RUN_2023.03.07_13.57.11/reports/routing/drt.drc"

Tue Mar 07 13:58:02 UTC 2023 - Executing "openroad -exit -no_init -python /openlane/scripts/odbpy/wire_lengths.py --report-out /openlane/designs/up_counter/runs/RUN_2023.03.07_13.57.11/reports/routing/19-wire_lengths.csv --input-lef /openlane/designs/up_counter/runs/RUN_2023.03.07_13.57.11/tmp/merged.nom.lef --output-def /dev/null --output /openlane/designs/up_counter/runs/RUN_2023.03.07_13.57.11/results/routing/up_counter.odb /openlane/designs/up_counter/runs/RUN_2023.03.07_13.57.11/results/routing/up_counter.odb |& tee /dev/null /openlane/designs/up_counter/runs/RUN_2023.03.07_13.57.11/logs/routing/19-wire_lengths.log"

Tue Mar 07 13:58:02 UTC 2023 - Executing "openroad -exit /openlane/scripts/openroad/rcx.tcl |& tee /dev/null /openlane/designs/up_counter/runs/RUN_2023.03.07_13.57.11/logs/signoff/20-parasitics_extraction.min.log"

Tue Mar 07 13:58:03 UTC 2023 - Executing "openroad -exit /openlane/scripts/openroad/sta_multi_corner.tcl |& tee /dev/null /openlane/designs/up_counter/runs/RUN_2023.03.07_13.57.11/logs/signoff/21-rcx_mcsta.min.log"

Tue Mar 07 13:58:05 UTC 2023 - Executing "openroad -exit /openlane/scripts/openroad/rcx.tcl |& tee /dev/null /openlane/designs/up_counter/runs/RUN_2023.03.07_13.57.11/logs/signoff/22-parasitics_extraction.max.log"

Tue Mar 07 13:58:06 UTC 2023 - Executing "openroad -exit /openlane/scripts/openroad/sta_multi_corner.tcl |& tee /dev/null /openlane/designs/up_counter/runs/RUN_2023.03.07_13.57.11/logs/signoff/23-rcx_mcsta.max.log"

Tue Mar 07 13:58:07 UTC 2023 - Executing "openroad -exit /openlane/scripts/openroad/rcx.tcl |& tee /dev/null /openlane/designs/up_counter/runs/RUN_2023.03.07_13.57.11/logs/signoff/24-parasitics_extraction.nom.log"

Tue Mar 07 13:58:08 UTC 2023 - Executing "openroad -exit /openlane/scripts/openroad/sta_multi_corner.tcl |& tee /dev/null /openlane/designs/up_counter/runs/RUN_2023.03.07_13.57.11/logs/signoff/25-rcx_mcsta.nom.log"

Tue Mar 07 13:58:10 UTC 2023 - Executing "openroad -exit /openlane/scripts/openroad/sta.tcl |& tee /dev/null /openlane/designs/up_counter/runs/RUN_2023.03.07_13.57.11/logs/signoff/26-rcx_sta.log"

Tue Mar 07 13:58:10 UTC 2023 - Executing "openroad -exit /openlane/scripts/openroad/irdrop.tcl |& tee /dev/null /openlane/designs/up_counter/runs/RUN_2023.03.07_13.57.11/logs/signoff/27-irdrop.log"

Tue Mar 07 13:58:11 UTC 2023 - Executing "magic -noconsole -dnull -rcfile /home/pramit/EDA_TOOLS/OpenLane/pdks/sky130A/libs.tech/magic/sky130A.magicrc < /openlane/scripts/magic/def/mag_gds.tcl |& tee /dev/null /openlane/designs/up_counter/runs/RUN_2023.03.07_13.57.11/logs/signoff/28-gdsii.log"

Tue Mar 07 13:58:12 UTC 2023 - Executing "magic -noconsole -dnull -rcfile /home/pramit/EDA_TOOLS/OpenLane/pdks/sky130A/libs.tech/magic/sky130A.magicrc < /openlane/scripts/magic/gds/mag_with_pointers.tcl |& tee /dev/null /openlane/designs/up_counter/runs/RUN_2023.03.07_13.57.11/logs/signoff/28-gds_ptrs.log"

Tue Mar 07 13:58:12 UTC 2023 - Executing "sed -i.bak -n {/^<< properties >>/,/^<< end >>/p} /openlane/designs/up_counter/runs/RUN_2023.03.07_13.57.11/tmp/signoff/gds_ptrs.mag"

Tue Mar 07 13:58:12 UTC 2023 - Executing "magic -noconsole -dnull -rcfile /home/pramit/EDA_TOOLS/OpenLane/pdks/sky130A/libs.tech/magic/sky130A.magicrc < /openlane/scripts/magic/mag/lef.tcl |& tee /dev/null /openlane/designs/up_counter/runs/RUN_2023.03.07_13.57.11/logs/signoff/28-lef.log"

Tue Mar 07 13:58:13 UTC 2023 - Executing "magic -noconsole -dnull -rcfile /home/pramit/EDA_TOOLS/OpenLane/pdks/sky130A/libs.tech/magic/sky130A.magicrc < /openlane/scripts/magic/lef/maglef.tcl |& tee /dev/null /openlane/designs/up_counter/runs/RUN_2023.03.07_13.57.11/logs/signoff/28-maglef.log"

Tue Mar 07 13:58:13 UTC 2023 - Executing "python3 /openlane/scripts/klayout/stream_out.py --output /openlane/designs/up_counter/runs/RUN_2023.03.07_13.57.11/results/signoff/up_counter.klayout.gds --tech-file /home/pramit/EDA_TOOLS/OpenLane/pdks/sky130A/libs.tech/klayout/tech/sky130A.lyt --def-layer-map-file /home/pramit/EDA_TOOLS/OpenLane/pdks/sky130A/libs.tech/klayout/tech/sky130A.map --props-file /home/pramit/EDA_TOOLS/OpenLane/pdks/sky130A/libs.tech/klayout/tech/sky130A.lyp --top up_counter --with-gds-file /home/pramit/EDA_TOOLS/OpenLane/pdks/sky130A/libs.ref/sky130_fd_sc_hd/gds/sky130_fd_sc_hd.gds --input-lef /openlane/designs/up_counter/runs/RUN_2023.03.07_13.57.11/tmp/merged.nom.lef /openlane/designs/up_counter/runs/RUN_2023.03.07_13.57.11/results/routing/up_counter.def |& tee /dev/null /openlane/designs/up_counter/runs/RUN_2023.03.07_13.57.11/logs/signoff/29-gdsii-klayout.log"

Tue Mar 07 13:58:14 UTC 2023 - Executing "klayout -b -r /openlane/scripts/klayout/xor.drc -rd a=/openlane/designs/up_counter/runs/RUN_2023.03.07_13.57.11/results/signoff/up_counter.gds -rd b=/openlane/designs/up_counter/runs/RUN_2023.03.07_13.57.11/results/signoff/up_counter.klayout.gds -rd jobs=1 -rd rdb_out=/openlane/designs/up_counter/runs/RUN_2023.03.07_13.57.11/reports/signoff/30-xor.xml -rd ignore=81/14 -rd rpt_out=/openlane/designs/up_counter/runs/RUN_2023.03.07_13.57.11/reports/signoff/30-xor.rpt |& tee /dev/null /openlane/designs/up_counter/runs/RUN_2023.03.07_13.57.11/logs/signoff/30-xor.log"

Tue Mar 07 13:58:15 UTC 2023 - Executing "magic -noconsole -dnull -rcfile /home/pramit/EDA_TOOLS/OpenLane/pdks/sky130A/libs.tech/magic/sky130A.magicrc < /openlane/scripts/magic/extract_spice.tcl |& tee /dev/null /openlane/designs/up_counter/runs/RUN_2023.03.07_13.57.11/logs/signoff/31-spice.log"

Tue Mar 07 13:58:15 UTC 2023 - Executing "openroad -exit -no_init -python /openlane/scripts/odbpy/power_utils.py write_powered_def --output /openlane/designs/up_counter/runs/RUN_2023.03.07_13.57.11/tmp/signoff/31-up_counter.p.def --input-lef /openlane/designs/up_counter/runs/RUN_2023.03.07_13.57.11/tmp/merged.nom.lef --power-port VPWR --ground-port VGND --powered-netlist {} /openlane/designs/up_counter/runs/RUN_2023.03.07_13.57.11/results/routing/up_counter.def |& tee /dev/null /openlane/designs/up_counter/runs/RUN_2023.03.07_13.57.11/logs/signoff/32-write_powered_def.log"

Tue Mar 07 13:58:16 UTC 2023 - Executing "openroad -exit /openlane/scripts/openroad/write_views.tcl |& tee /dev/null /openlane/designs/up_counter/runs/RUN_2023.03.07_13.57.11/logs/signoff/32-write_powered_verilog.log"

Tue Mar 07 13:58:16 UTC 2023 - Executing "sed -i.bak -e {s/\(set ::env(CURRENT_NETLIST)\).*/\1 \/openlane\/designs\/up_counter\/runs\/RUN_2023.03.07_13.57.11\/tmp\/signoff\/31-up_counter.nl.v/} /openlane/designs/up_counter/runs/RUN_2023.03.07_13.57.11/config.tcl"

Tue Mar 07 13:58:17 UTC 2023 - Executing "netgen -batch source /openlane/designs/up_counter/runs/RUN_2023.03.07_13.57.11/tmp/signoff/34-setup_file.lef.lvs |& tee /dev/null /openlane/designs/up_counter/runs/RUN_2023.03.07_13.57.11/logs/signoff/34-lvs.lef.log"

Tue Mar 07 13:58:17 UTC 2023 - Executing "magic -noconsole -dnull -rcfile /home/pramit/EDA_TOOLS/OpenLane/pdks/sky130A/libs.tech/magic/sky130A.magicrc < /openlane/scripts/magic/drc.tcl |& tee /dev/null /openlane/designs/up_counter/runs/RUN_2023.03.07_13.57.11/logs/signoff/35-drc.log"

Tue Mar 07 13:58:18 UTC 2023 - Executing "python3 /openlane/scripts/drc_rosetta.py magic to_tcl -o /openlane/designs/up_counter/runs/RUN_2023.03.07_13.57.11/reports/signoff/drc.tcl /openlane/designs/up_counter/runs/RUN_2023.03.07_13.57.11/reports/signoff/drc.rpt"

Tue Mar 07 13:58:18 UTC 2023 - Executing "python3 /openlane/scripts/drc_rosetta.py magic to_tr -o /openlane/designs/up_counter/runs/RUN_2023.03.07_13.57.11/reports/signoff/drc.tr /openlane/designs/up_counter/runs/RUN_2023.03.07_13.57.11/reports/signoff/drc.rpt"

Tue Mar 07 13:58:18 UTC 2023 - Executing "python3 /openlane/scripts/drc_rosetta.py tr to_klayout -o /openlane/designs/up_counter/runs/RUN_2023.03.07_13.57.11/reports/signoff/drc.klayout.xml --design-name up_counter /openlane/designs/up_counter/runs/RUN_2023.03.07_13.57.11/reports/signoff/drc.tr"

Tue Mar 07 13:58:18 UTC 2023 - Executing "python3 /openlane/scripts/drc_rosetta.py magic to_rdb -o /openlane/designs/up_counter/runs/RUN_2023.03.07_13.57.11/reports/signoff/drc.rdb /openlane/designs/up_counter/runs/RUN_2023.03.07_13.57.11/reports/signoff/drc.rpt"

Tue Mar 07 13:58:18 UTC 2023 - Executing "openroad -exit /openlane/scripts/openroad/antenna_check.tcl |& tee /dev/null /openlane/designs/up_counter/runs/RUN_2023.03.07_13.57.11/logs/signoff/36-antenna.log"

Tue Mar 07 13:58:19 UTC 2023 - Executing "python3 /openlane/scripts/extract_antenna_violators.py --output /openlane/designs/up_counter/runs/RUN_2023.03.07_13.57.11/reports/signoff/36-antenna_violators.rpt /openlane/designs/up_counter/runs/RUN_2023.03.07_13.57.11/logs/signoff/36-antenna.log"

Tue Mar 07 13:58:19 UTC 2023 - Executing "awk -v vdd=VPWR -v gnd=VGND -f /home/pramit/EDA_TOOLS/OpenLane/pdks/sky130A/libs.tech/openlane/cvc/power.awk /openlane/designs/up_counter/runs/RUN_2023.03.07_13.57.11/tmp/signoff/31-up_counter.nl.v > /openlane/designs/up_counter/runs/RUN_2023.03.07_13.57.11/tmp/signoff/up_counter.power"

Tue Mar 07 13:58:19 UTC 2023 - Executing "awk -f /home/pramit/EDA_TOOLS/OpenLane/pdks/sky130A/libs.tech/openlane/cvc/cdl.awk /home/pramit/EDA_TOOLS/OpenLane/pdks/sky130A/libs.ref/sky130_fd_sc_hd/cdl/sky130_fd_sc_hd.cdl /openlane/designs/up_counter/runs/RUN_2023.03.07_13.57.11/results/signoff/up_counter.lef.spice > /openlane/designs/up_counter/runs/RUN_2023.03.07_13.57.11/tmp/signoff/up_counter.cdl"

Tue Mar 07 13:58:19 UTC 2023 - Executing "cvc_rv /home/pramit/EDA_TOOLS/OpenLane/pdks/sky130A/libs.tech/openlane/cvc/cvcrc |& tee /dev/null /openlane/designs/up_counter/runs/RUN_2023.03.07_13.57.11/logs/signoff/37-erc_screen.log"

Tue Mar 07 13:58:19 UTC 2023 - Executing "python3 /openlane/scripts/generate_reports.py -d /openlane/designs/up_counter --design_name up_counter --tag RUN_2023.03.07_13.57.11 --output_file /openlane/designs/up_counter/runs/RUN_2023.03.07_13.57.11/reports/metrics.csv --man_report /openlane/designs/up_counter/runs/RUN_2023.03.07_13.57.11/reports/manufacturability.rpt --run_path /openlane/designs/up_counter/runs/RUN_2023.03.07_13.57.11"

